<?xml version="1.0" encoding="UTF-8"?>
<!-- Generated by org.testng.reporters.JUnitReportReporter -->
<testsuite hostname="DESKTOP-UM06P4R" failures="0" tests="2" name="param.parameter" time="0.045" errors="0" timestamp="2025-02-26T21:25:28 IST" skipped="0">
  <testcase classname="param.parameter" name="testDetails" time="0.042"/>
  <system-out/>
  <testcase classname="param.parameter" name="testName" time="0.003"/>
  <system-out/>
</testsuite> <!-- param.parameter -->
